<?xml version="1.0" encoding="UTF-8"?>
<testsuite xmlns:xsi="http://www.w3.org/2001/XMLSchema-instance" xsi:noNamespaceSchemaLocation="https://maven.apache.org/surefire/maven-surefire-plugin/xsd/surefire-test-report-3.0.xsd" version="3.0" name="TestSuite" time="1.301" tests="2" errors="0" skipped="0" failures="2">
  <properties>
[...]
</properties>
  <testcase name="test" classname="TestCase" time="0.007">
    <failure type="java.lang.NullPointerException">java.lang.NullPointerException
	at TestCase.replaceVariableParemeters(TestCase.java:158)
	at TestCase.test(TestCase.java:58)
</failure>
    <system-out><![CDATA[SELECT * FROM testcase
]]></system-out>
    <system-err><![CDATA[Thu Jan 16 19:20:59 CST 2020 WARN: Establishing SSL connection without server's identity verification is not recommended. According to MySQL 5.5.45+, 5.6.26+ and 5.7.6+ requirements SSL connection must be established by default if explicit option isn't set. For compliance with existing applications not using SSL the verifyServerCertificate property is set to 'false'. You need either to explicitly disable SSL by setting useSSL=false, or set useSSL=true and provide truststore for server certificate verification.
]]></system-err>
  </testcase>
  <testcase name="test" classname="TestCase" time="0">
    <failure type="java.lang.NullPointerException">java.lang.NullPointerException
	at TestCase.test(TestCase.java:61)
</failure>
  </testcase>
</testsuite>