<?xml version="1.0" encoding="UTF-8"?>
<testng-results skipped="0" failed="2" total="2" passed="0">
  <reporter-output>
  </reporter-output>
  <suite name="suite" duration-ms="226" started-at="2020-01-16T11:20:59Z" finished-at="2020-01-16T11:20:59Z">
    <groups>
    </groups>
    <test name="TestCase" duration-ms="226" started-at="2020-01-16T11:20:59Z" finished-at="2020-01-16T11:20:59Z">
      <class name="TestCase">
        <test-method status="PASS" signature="setsql(java.lang.String)[pri:0, instance:TestCase@614c5515]" name="setsql" is-config="true" duration-ms="8" started-at="2020-01-16T19:20:59Z" finished-at="2020-01-16T19:20:59Z">
          <params>
            <param index="0">
              <value>
                <![CDATA[SELECT * FROM testcase]]>
              </value>
            </param>
          </params>
          <reporter-output>
          </reporter-output>
        </test-method> <!-- setsql -->
        <test-method status="PASS" signature="beforeClass(java.lang.String)[pri:0, instance:TestCase@614c5515]" name="beforeClass" is-config="true" duration-ms="0" started-at="2020-01-16T19:20:59Z" finished-at="2020-01-16T19:20:59Z">
          <params>
            <param index="0">
              <value>
                <![CDATA[SELECT * FROM testcase]]>
              </value>
            </param>
          </params>
          <reporter-output>
          </reporter-output>
        </test-method> <!-- beforeClass -->
        <test-method status="FAIL" signature="test(java.util.Map)[pri:0, instance:TestCase@614c5515]" name="test" duration-ms="2" started-at="2020-01-16T19:20:59Z" data-provider="testData" finished-at="2020-01-16T19:20:59Z">
          <params>
            <param index="0">
              <value>
                <![CDATA[{header={"${ACCEPT}":"*/*","Connection":"keep-alive","Cookie":"PHPSESSID=5jg0aenvd94alfqnh2isk0m4k5; _cid=RwxA19jgr1fmst9x","User-Agent":"wcc/4.0.1 (iPhone; iOS 11.4.1; Scale/2.00)","Accept-Language":"zh-Hans;q=1","Authorization":"642010df7a7bf03706ceb498f8afae04"}, id=1, data=, url= https://m.wconcept.cn/api/rest/wcc/${order}?limit=10&list=order&page=1}]]>
              </value>
            </param>
          </params>
          <exception class="java.lang.NullPointerException">
            <full-stacktrace>
              <![CDATA[java.lang.NullPointerException
	at java.lang.String.replace(String.java:2240)
	at TestCase.replaceVariableParemeters(TestCase.java:158)
	at TestCase.test(TestCase.java:58)
	at sun.reflect.NativeMethodAccessorImpl.invoke0(Native Method)
	at sun.reflect.NativeMethodAccessorImpl.invoke(NativeMethodAccessorImpl.java:62)
	at sun.reflect.DelegatingMethodAccessorImpl.invoke(DelegatingMethodAccessorImpl.java:43)
	at java.lang.reflect.Method.invoke(Method.java:498)
	at org.testng.internal.MethodInvocationHelper.invokeMethod(MethodInvocationHelper.java:80)
	at org.testng.internal.Invoker.invokeMethod(Invoker.java:714)
	at org.testng.internal.Invoker.invokeTestMethod(Invoker.java:901)
	at org.testng.internal.Invoker.invokeTestMethods(Invoker.java:1231)
	at org.testng.internal.TestMethodWorker.invokeTestMethods(TestMethodWorker.java:127)
	at org.testng.internal.TestMethodWorker.run(TestMethodWorker.java:111)
	at org.testng.TestRunner.privateRun(TestRunner.java:767)
	at org.testng.TestRunner.run(TestRunner.java:617)
	at org.testng.SuiteRunner.runTest(SuiteRunner.java:334)
	at org.testng.SuiteRunner.runSequentially(SuiteRunner.java:329)
	at org.testng.SuiteRunner.privateRun(SuiteRunner.java:291)
	at org.testng.SuiteRunner.run(SuiteRunner.java:240)
	at org.testng.SuiteRunnerWorker.runSuite(SuiteRunnerWorker.java:52)
	at org.testng.SuiteRunnerWorker.run(SuiteRunnerWorker.java:86)
	at org.testng.TestNG.runSuitesSequentially(TestNG.java:1198)
	at org.testng.TestNG.runSuitesLocally(TestNG.java:1123)
	at org.testng.TestNG.run(TestNG.java:1031)
	at org.apache.maven.surefire.testng.TestNGExecutor.run(TestNGExecutor.java:283)
	at org.apache.maven.surefire.testng.TestNGXmlTestSuite.execute(TestNGXmlTestSuite.java:75)
	at org.apache.maven.surefire.testng.TestNGProvider.invoke(TestNGProvider.java:120)
	at org.apache.maven.surefire.booter.ForkedBooter.invokeProviderInSameClassLoader(ForkedBooter.java:384)
	at org.apache.maven.surefire.booter.ForkedBooter.runSuitesInProcess(ForkedBooter.java:345)
	at org.apache.maven.surefire.booter.ForkedBooter.execute(ForkedBooter.java:126)
	at org.apache.maven.surefire.booter.ForkedBooter.main(ForkedBooter.java:418)
]]>
            </full-stacktrace>
          </exception> <!-- java.lang.NullPointerException -->
          <reporter-output>
          </reporter-output>
        </test-method> <!-- test -->
        <test-method status="FAIL" signature="test(java.util.Map)[pri:0, instance:TestCase@614c5515]" name="test" duration-ms="1" started-at="2020-01-16T19:20:59Z" data-provider="testData" finished-at="2020-01-16T19:20:59Z">
          <params>
            <param index="0">
              <value>
                <![CDATA[{header={"Accept":"*/*","Connection":"keep-alive","Cookie":"PHPSESSID=5jg0aenvd94alfqnh2isk0m4k5; _cid=RwxA19jgr1fmst9x","User-Agent":"wcc/4.0.1 (iPhone; iOS 11.4.1; Scale/2.00)","Accept-Language":"zh-Hans;q=1","Authorization":"642010df7a7bf03706ceb498f8afae04"}, id=2, data={"mobile": "15679483383","password": ${password},"device_uid":"${device_uid}","device_type": "Android","loginType":"3"}, url=https://m.wconcept.cn/api/rest/wcc/reports/coupon}]]>
              </value>
            </param>
          </params>
          <exception class="java.lang.NullPointerException">
            <full-stacktrace>
              <![CDATA[java.lang.NullPointerException
	at java.io.StringReader.<init>(StringReader.java:50)
	at org.json.JSONTokener.<init>(JSONTokener.java:94)
	at org.json.JSONObject.<init>(JSONObject.java:399)
	at TestCase.test(TestCase.java:61)
	at sun.reflect.NativeMethodAccessorImpl.invoke0(Native Method)
	at sun.reflect.NativeMethodAccessorImpl.invoke(NativeMethodAccessorImpl.java:62)
	at sun.reflect.DelegatingMethodAccessorImpl.invoke(DelegatingMethodAccessorImpl.java:43)
	at java.lang.reflect.Method.invoke(Method.java:498)
	at org.testng.internal.MethodInvocationHelper.invokeMethod(MethodInvocationHelper.java:80)
	at org.testng.internal.Invoker.invokeMethod(Invoker.java:714)
	at org.testng.internal.Invoker.invokeTestMethod(Invoker.java:901)
	at org.testng.internal.Invoker.invokeTestMethods(Invoker.java:1231)
	at org.testng.internal.TestMethodWorker.invokeTestMethods(TestMethodWorker.java:127)
	at org.testng.internal.TestMethodWorker.run(TestMethodWorker.java:111)
	at org.testng.TestRunner.privateRun(TestRunner.java:767)
	at org.testng.TestRunner.run(TestRunner.java:617)
	at org.testng.SuiteRunner.runTest(SuiteRunner.java:334)
	at org.testng.SuiteRunner.runSequentially(SuiteRunner.java:329)
	at org.testng.SuiteRunner.privateRun(SuiteRunner.java:291)
	at org.testng.SuiteRunner.run(SuiteRunner.java:240)
	at org.testng.SuiteRunnerWorker.runSuite(SuiteRunnerWorker.java:52)
	at org.testng.SuiteRunnerWorker.run(SuiteRunnerWorker.java:86)
	at org.testng.TestNG.runSuitesSequentially(TestNG.java:1198)
	at org.testng.TestNG.runSuitesLocally(TestNG.java:1123)
	at org.testng.TestNG.run(TestNG.java:1031)
	at org.apache.maven.surefire.testng.TestNGExecutor.run(TestNGExecutor.java:283)
	at org.apache.maven.surefire.testng.TestNGXmlTestSuite.execute(TestNGXmlTestSuite.java:75)
	at org.apache.maven.surefire.testng.TestNGProvider.invoke(TestNGProvider.java:120)
	at org.apache.maven.surefire.booter.ForkedBooter.invokeProviderInSameClassLoader(ForkedBooter.java:384)
	at org.apache.maven.surefire.booter.ForkedBooter.runSuitesInProcess(ForkedBooter.java:345)
	at org.apache.maven.surefire.booter.ForkedBooter.execute(ForkedBooter.java:126)
	at org.apache.maven.surefire.booter.ForkedBooter.main(ForkedBooter.java:418)
]]>
            </full-stacktrace>
          </exception> <!-- java.lang.NullPointerException -->
          <reporter-output>
          </reporter-output>
        </test-method> <!-- test -->
      </class> <!-- TestCase -->
    </test> <!-- TestCase -->
  </suite> <!-- suite -->
</testng-results>
